{"C:\\Users\\jrodrigue274\\Desktop\\cripto-itau\\src\\api\\index.js": {"path":"C:\\Users\\jrodrigue274\\Desktop\\cripto-itau\\src\\api\\index.js","statementMap":{"0":{"start":{"line":1,"column":16},"end":{"line":1,"column":34}},"1":{"start":{"line":3,"column":15},"end":{"line":3,"column":41}},"2":{"start":{"line":4,"column":15},"end":{"line":4,"column":53}},"3":{"start":{"line":5,"column":14},"end":{"line":5,"column":51}},"4":{"start":{"line":8,"column":12},"end":{"line":8,"column":21}},"5":{"start":{"line":10,"column":0},"end":{"line":10,"column":24}},"6":{"start":{"line":11,"column":0},"end":{"line":11,"column":31}},"7":{"start":{"line":12,"column":0},"end":{"line":12,"column":29}},"8":{"start":{"line":17,"column":0},"end":{"line":19,"column":3}},"9":{"start":{"line":18,"column":2},"end":{"line":18,"column":51}}},"fnMap":{"0":{"name":"(anonymous_0)","decl":{"start":{"line":17,"column":28},"end":{"line":17,"column":29}},"loc":{"start":{"line":17,"column":34},"end":{"line":19,"column":1}},"line":17}},"branchMap":{},"s":{"0":0,"1":0,"2":0,"3":0,"4":0,"5":0,"6":0,"7":0,"8":0,"9":0},"f":{"0":0},"b":{}}
,"C:\\Users\\jrodrigue274\\Desktop\\cripto-itau\\src\\api\\components\\cripto\\controller.js": {"path":"C:\\Users\\jrodrigue274\\Desktop\\cripto-itau\\src\\api\\components\\cripto\\controller.js","statementMap":{"0":{"start":{"line":1,"column":21},"end":{"line":1,"column":52}},"1":{"start":{"line":2,"column":19},"end":{"line":2,"column":50}},"2":{"start":{"line":4,"column":0},"end":{"line":85,"column":2}},"3":{"start":{"line":6,"column":17},"end":{"line":6,"column":65}},"4":{"start":{"line":7,"column":4},"end":{"line":9,"column":6}},"5":{"start":{"line":13,"column":17},"end":{"line":13,"column":64}},"6":{"start":{"line":14,"column":4},"end":{"line":16,"column":6}},"7":{"start":{"line":20,"column":4},"end":{"line":46,"column":5}},"8":{"start":{"line":21,"column":6},"end":{"line":41,"column":7}},"9":{"start":{"line":22,"column":30},"end":{"line":26,"column":9}},"10":{"start":{"line":24,"column":12},"end":{"line":24,"column":53}},"11":{"start":{"line":28,"column":8},"end":{"line":30,"column":10}},"12":{"start":{"line":31,"column":13},"end":{"line":41,"column":7}},"13":{"start":{"line":32,"column":33},"end":{"line":32,"column":66}},"14":{"start":{"line":34,"column":8},"end":{"line":36,"column":10}},"15":{"start":{"line":38,"column":8},"end":{"line":40,"column":10}},"16":{"start":{"line":43,"column":6},"end":{"line":45,"column":8}},"17":{"start":{"line":50,"column":4},"end":{"line":76,"column":5}},"18":{"start":{"line":51,"column":6},"end":{"line":71,"column":7}},"19":{"start":{"line":52,"column":30},"end":{"line":56,"column":9}},"20":{"start":{"line":54,"column":12},"end":{"line":54,"column":53}},"21":{"start":{"line":58,"column":8},"end":{"line":60,"column":10}},"22":{"start":{"line":61,"column":13},"end":{"line":71,"column":7}},"23":{"start":{"line":62,"column":33},"end":{"line":62,"column":66}},"24":{"start":{"line":64,"column":8},"end":{"line":66,"column":10}},"25":{"start":{"line":68,"column":8},"end":{"line":70,"column":10}},"26":{"start":{"line":73,"column":6},"end":{"line":75,"column":8}},"27":{"start":{"line":79,"column":2},"end":{"line":84,"column":4}}},"fnMap":{"0":{"name":"(anonymous_0)","decl":{"start":{"line":4,"column":17},"end":{"line":4,"column":18}},"loc":{"start":{"line":4,"column":29},"end":{"line":85,"column":1}},"line":4},"1":{"name":"generateKey","decl":{"start":{"line":5,"column":17},"end":{"line":5,"column":28}},"loc":{"start":{"line":5,"column":31},"end":{"line":10,"column":3}},"line":5},"2":{"name":"refreshKey","decl":{"start":{"line":12,"column":17},"end":{"line":12,"column":27}},"loc":{"start":{"line":12,"column":30},"end":{"line":17,"column":3}},"line":12},"3":{"name":"encrypt","decl":{"start":{"line":19,"column":17},"end":{"line":19,"column":24}},"loc":{"start":{"line":19,"column":34},"end":{"line":47,"column":3}},"line":19},"4":{"name":"(anonymous_4)","decl":{"start":{"line":23,"column":22},"end":{"line":23,"column":23}},"loc":{"start":{"line":23,"column":41},"end":{"line":25,"column":11}},"line":23},"5":{"name":"decrypt","decl":{"start":{"line":49,"column":17},"end":{"line":49,"column":24}},"loc":{"start":{"line":49,"column":34},"end":{"line":77,"column":3}},"line":49},"6":{"name":"(anonymous_6)","decl":{"start":{"line":53,"column":22},"end":{"line":53,"column":23}},"loc":{"start":{"line":53,"column":41},"end":{"line":55,"column":11}},"line":53}},"branchMap":{"0":{"loc":{"start":{"line":21,"column":6},"end":{"line":41,"column":7}},"type":"if","locations":[{"start":{"line":21,"column":6},"end":{"line":41,"column":7}},{"start":{"line":21,"column":6},"end":{"line":41,"column":7}}],"line":21},"1":{"loc":{"start":{"line":31,"column":13},"end":{"line":41,"column":7}},"type":"if","locations":[{"start":{"line":31,"column":13},"end":{"line":41,"column":7}},{"start":{"line":31,"column":13},"end":{"line":41,"column":7}}],"line":31},"2":{"loc":{"start":{"line":51,"column":6},"end":{"line":71,"column":7}},"type":"if","locations":[{"start":{"line":51,"column":6},"end":{"line":71,"column":7}},{"start":{"line":51,"column":6},"end":{"line":71,"column":7}}],"line":51},"3":{"loc":{"start":{"line":61,"column":13},"end":{"line":71,"column":7}},"type":"if","locations":[{"start":{"line":61,"column":13},"end":{"line":71,"column":7}},{"start":{"line":61,"column":13},"end":{"line":71,"column":7}}],"line":61}},"s":{"0":2,"1":2,"2":2,"3":2,"4":2,"5":1,"6":1,"7":3,"8":3,"9":0,"10":0,"11":0,"12":3,"13":2,"14":1,"15":1,"16":1,"17":3,"18":3,"19":0,"20":0,"21":0,"22":3,"23":2,"24":1,"25":1,"26":1,"27":3},"f":{"0":3,"1":2,"2":1,"3":3,"4":0,"5":3,"6":0},"b":{"0":[0,3],"1":[2,1],"2":[0,3],"3":[2,1]},"_coverageSchema":"1a1c01bbd47fc00a2c39e90264f33305004495a9","hash":"ce73cde8b4470b79fb5d08f9699eb6d0bf4c8651"}
,"C:\\Users\\jrodrigue274\\Desktop\\cripto-itau\\src\\api\\components\\cripto\\index.js": {"path":"C:\\Users\\jrodrigue274\\Desktop\\cripto-itau\\src\\api\\components\\cripto\\index.js","statementMap":{"0":{"start":{"line":1,"column":15},"end":{"line":1,"column":47}},"1":{"start":{"line":2,"column":13},"end":{"line":2,"column":36}},"2":{"start":{"line":4,"column":0},"end":{"line":4,"column":24}}},"fnMap":{},"branchMap":{},"s":{"0":1,"1":1,"2":1},"f":{},"b":{},"_coverageSchema":"1a1c01bbd47fc00a2c39e90264f33305004495a9","hash":"8f9b3b93f9a563ab67a6134046556cf772e3b6f7"}
,"C:\\Users\\jrodrigue274\\Desktop\\cripto-itau\\src\\api\\components\\cripto\\network.js": {"path":"C:\\Users\\jrodrigue274\\Desktop\\cripto-itau\\src\\api\\components\\cripto\\network.js","statementMap":{"0":{"start":{"line":1,"column":16},"end":{"line":1,"column":34}},"1":{"start":{"line":2,"column":15},"end":{"line":2,"column":31}},"2":{"start":{"line":3,"column":19},"end":{"line":3,"column":37}},"3":{"start":{"line":4,"column":22},"end":{"line":4,"column":93}},"4":{"start":{"line":6,"column":0},"end":{"line":6,"column":35}},"5":{"start":{"line":7,"column":0},"end":{"line":7,"column":37}},"6":{"start":{"line":8,"column":0},"end":{"line":8,"column":33}},"7":{"start":{"line":9,"column":0},"end":{"line":9,"column":33}},"8":{"start":{"line":14,"column":22},"end":{"line":14,"column":24}},"9":{"start":{"line":15,"column":2},"end":{"line":20,"column":5}},"10":{"start":{"line":16,"column":21},"end":{"line":16,"column":40}},"11":{"start":{"line":17,"column":4},"end":{"line":19,"column":5}},"12":{"start":{"line":18,"column":6},"end":{"line":18,"column":27}},"13":{"start":{"line":22,"column":2},"end":{"line":27,"column":3}},"14":{"start":{"line":23,"column":4},"end":{"line":25,"column":7}},"15":{"start":{"line":26,"column":4},"end":{"line":26,"column":11}},"16":{"start":{"line":28,"column":2},"end":{"line":28,"column":9}},"17":{"start":{"line":32,"column":2},"end":{"line":36,"column":17}},"18":{"start":{"line":34,"column":6},"end":{"line":34,"column":22}},"19":{"start":{"line":40,"column":2},"end":{"line":44,"column":17}},"20":{"start":{"line":42,"column":6},"end":{"line":42,"column":22}},"21":{"start":{"line":48,"column":2},"end":{"line":52,"column":17}},"22":{"start":{"line":50,"column":6},"end":{"line":50,"column":22}},"23":{"start":{"line":55,"column":0},"end":{"line":55,"column":24}}},"fnMap":{"0":{"name":"middlewareHeaders","decl":{"start":{"line":13,"column":9},"end":{"line":13,"column":26}},"loc":{"start":{"line":13,"column":43},"end":{"line":29,"column":1}},"line":13},"1":{"name":"(anonymous_1)","decl":{"start":{"line":15,"column":20},"end":{"line":15,"column":21}},"loc":{"start":{"line":15,"column":28},"end":{"line":20,"column":3}},"line":15},"2":{"name":"generateKey","decl":{"start":{"line":31,"column":9},"end":{"line":31,"column":20}},"loc":{"start":{"line":31,"column":37},"end":{"line":37,"column":1}},"line":31},"3":{"name":"(anonymous_3)","decl":{"start":{"line":33,"column":10},"end":{"line":33,"column":11}},"loc":{"start":{"line":33,"column":21},"end":{"line":35,"column":5}},"line":33},"4":{"name":"encrypt","decl":{"start":{"line":39,"column":9},"end":{"line":39,"column":16}},"loc":{"start":{"line":39,"column":33},"end":{"line":45,"column":1}},"line":39},"5":{"name":"(anonymous_5)","decl":{"start":{"line":41,"column":10},"end":{"line":41,"column":11}},"loc":{"start":{"line":41,"column":21},"end":{"line":43,"column":5}},"line":41},"6":{"name":"decrypt","decl":{"start":{"line":47,"column":9},"end":{"line":47,"column":16}},"loc":{"start":{"line":47,"column":33},"end":{"line":53,"column":1}},"line":47},"7":{"name":"(anonymous_7)","decl":{"start":{"line":49,"column":10},"end":{"line":49,"column":11}},"loc":{"start":{"line":49,"column":21},"end":{"line":51,"column":5}},"line":49}},"branchMap":{"0":{"loc":{"start":{"line":17,"column":4},"end":{"line":19,"column":5}},"type":"if","locations":[{"start":{"line":17,"column":4},"end":{"line":19,"column":5}},{"start":{"line":17,"column":4},"end":{"line":19,"column":5}}],"line":17},"1":{"loc":{"start":{"line":22,"column":2},"end":{"line":27,"column":3}},"type":"if","locations":[{"start":{"line":22,"column":2},"end":{"line":27,"column":3}},{"start":{"line":22,"column":2},"end":{"line":27,"column":3}}],"line":22}},"s":{"0":1,"1":1,"2":1,"3":1,"4":1,"5":1,"6":1,"7":1,"8":4,"9":4,"10":20,"11":20,"12":5,"13":4,"14":1,"15":1,"16":3,"17":1,"18":1,"19":1,"20":1,"21":1,"22":1,"23":1},"f":{"0":4,"1":20,"2":1,"3":1,"4":1,"5":1,"6":1,"7":1},"b":{"0":[5,15],"1":[1,3]},"_coverageSchema":"1a1c01bbd47fc00a2c39e90264f33305004495a9","hash":"42732b429f3b1dd54c482fae612eb7f3603b905b"}
,"C:\\Users\\jrodrigue274\\Desktop\\cripto-itau\\src\\api\\components\\token\\controller.js": {"path":"C:\\Users\\jrodrigue274\\Desktop\\cripto-itau\\src\\api\\components\\token\\controller.js","statementMap":{"0":{"start":{"line":1,"column":19},"end":{"line":1,"column":50}},"1":{"start":{"line":2,"column":14},"end":{"line":2,"column":30}},"2":{"start":{"line":3,"column":15},"end":{"line":3,"column":44}},"3":{"start":{"line":4,"column":11},"end":{"line":4,"column":33}},"4":{"start":{"line":6,"column":0},"end":{"line":43,"column":2}},"5":{"start":{"line":8,"column":4},"end":{"line":37,"column":5}},"6":{"start":{"line":9,"column":23},"end":{"line":9,"column":41}},"7":{"start":{"line":10,"column":23},"end":{"line":10,"column":41}},"8":{"start":{"line":11,"column":23},"end":{"line":11,"column":66}},"9":{"start":{"line":12,"column":23},"end":{"line":12,"column":66}},"10":{"start":{"line":13,"column":18},"end":{"line":13,"column":36}},"11":{"start":{"line":14,"column":26},"end":{"line":18,"column":7}},"12":{"start":{"line":20,"column":26},"end":{"line":26,"column":7}},"13":{"start":{"line":28,"column":23},"end":{"line":28,"column":84}},"14":{"start":{"line":30,"column":6},"end":{"line":32,"column":8}},"15":{"start":{"line":34,"column":6},"end":{"line":36,"column":8}},"16":{"start":{"line":40,"column":2},"end":{"line":42,"column":4}}},"fnMap":{"0":{"name":"(anonymous_0)","decl":{"start":{"line":6,"column":17},"end":{"line":6,"column":18}},"loc":{"start":{"line":6,"column":29},"end":{"line":43,"column":1}},"line":6},"1":{"name":"getToken","decl":{"start":{"line":7,"column":17},"end":{"line":7,"column":25}},"loc":{"start":{"line":7,"column":31},"end":{"line":38,"column":3}},"line":7}},"branchMap":{},"s":{"0":2,"1":2,"2":2,"3":2,"4":2,"5":4,"6":4,"7":3,"8":3,"9":1,"10":1,"11":1,"12":1,"13":1,"14":1,"15":3,"16":3},"f":{"0":3,"1":4},"b":{},"_coverageSchema":"1a1c01bbd47fc00a2c39e90264f33305004495a9","hash":"e89fd833d4170d044698ecd32cbeb389815db1d7"}
,"C:\\Users\\jrodrigue274\\Desktop\\cripto-itau\\src\\api\\components\\token\\index.js": {"path":"C:\\Users\\jrodrigue274\\Desktop\\cripto-itau\\src\\api\\components\\token\\index.js","statementMap":{"0":{"start":{"line":1,"column":15},"end":{"line":1,"column":47}},"1":{"start":{"line":2,"column":13},"end":{"line":2,"column":36}},"2":{"start":{"line":4,"column":0},"end":{"line":4,"column":24}}},"fnMap":{},"branchMap":{},"s":{"0":1,"1":1,"2":1},"f":{},"b":{},"_coverageSchema":"1a1c01bbd47fc00a2c39e90264f33305004495a9","hash":"468484d0e9e36f63db0a250a6427c013d84a5cba"}
,"C:\\Users\\jrodrigue274\\Desktop\\cripto-itau\\src\\api\\components\\token\\network.js": {"path":"C:\\Users\\jrodrigue274\\Desktop\\cripto-itau\\src\\api\\components\\token\\network.js","statementMap":{"0":{"start":{"line":1,"column":16},"end":{"line":1,"column":34}},"1":{"start":{"line":2,"column":15},"end":{"line":2,"column":31}},"2":{"start":{"line":3,"column":19},"end":{"line":3,"column":37}},"3":{"start":{"line":5,"column":0},"end":{"line":5,"column":35}},"4":{"start":{"line":10,"column":2},"end":{"line":21,"column":3}},"5":{"start":{"line":11,"column":18},"end":{"line":11,"column":48}},"6":{"start":{"line":12,"column":4},"end":{"line":14,"column":7}},"7":{"start":{"line":15,"column":4},"end":{"line":15,"column":11}},"8":{"start":{"line":17,"column":4},"end":{"line":17,"column":54}},"9":{"start":{"line":18,"column":4},"end":{"line":20,"column":7}},"10":{"start":{"line":24,"column":0},"end":{"line":24,"column":24}}},"fnMap":{"0":{"name":"getToken","decl":{"start":{"line":9,"column":15},"end":{"line":9,"column":23}},"loc":{"start":{"line":9,"column":40},"end":{"line":22,"column":1}},"line":9}},"branchMap":{},"s":{"0":1,"1":1,"2":1,"3":1,"4":2,"5":2,"6":2,"7":2,"8":0,"9":0,"10":1},"f":{"0":2},"b":{},"_coverageSchema":"1a1c01bbd47fc00a2c39e90264f33305004495a9","hash":"77fb7234b8287a1d9207a7d2bf8f843ca6557e98"}
,"C:\\Users\\jrodrigue274\\Desktop\\cripto-itau\\src\\sso\\index.js": {"path":"C:\\Users\\jrodrigue274\\Desktop\\cripto-itau\\src\\sso\\index.js","statementMap":{"0":{"start":{"line":1,"column":16},"end":{"line":1,"column":34}},"1":{"start":{"line":2,"column":19},"end":{"line":2,"column":41}},"2":{"start":{"line":4,"column":12},"end":{"line":4,"column":21}},"3":{"start":{"line":6,"column":0},"end":{"line":6,"column":51}},"4":{"start":{"line":7,"column":0},"end":{"line":13,"column":3}},"5":{"start":{"line":8,"column":19},"end":{"line":8,"column":38}},"6":{"start":{"line":9,"column":2},"end":{"line":11,"column":5}},"7":{"start":{"line":12,"column":2},"end":{"line":12,"column":9}},"8":{"start":{"line":15,"column":0},"end":{"line":17,"column":3}},"9":{"start":{"line":16,"column":2},"end":{"line":16,"column":38}}},"fnMap":{"0":{"name":"(anonymous_0)","decl":{"start":{"line":7,"column":19},"end":{"line":7,"column":20}},"loc":{"start":{"line":7,"column":39},"end":{"line":13,"column":1}},"line":7},"1":{"name":"(anonymous_1)","decl":{"start":{"line":15,"column":17},"end":{"line":15,"column":18}},"loc":{"start":{"line":15,"column":23},"end":{"line":17,"column":1}},"line":15}},"branchMap":{},"s":{"0":0,"1":0,"2":0,"3":0,"4":0,"5":0,"6":0,"7":0,"8":0,"9":0},"f":{"0":0,"1":0},"b":{}}
,"C:\\Users\\jrodrigue274\\Desktop\\cripto-itau\\src\\vault\\CV_JS.js": {"path":"C:\\Users\\jrodrigue274\\Desktop\\cripto-itau\\src\\vault\\CV_JS.js","statementMap":{"0":{"start":{"line":1,"column":14},"end":{"line":1,"column":38}},"1":{"start":{"line":2,"column":15},"end":{"line":2,"column":32}},"2":{"start":{"line":3,"column":18},"end":{"line":3,"column":40}},"3":{"start":{"line":4,"column":0},"end":{"line":10,"column":2}},"4":{"start":{"line":17,"column":2},"end":{"line":17,"column":19}},"5":{"start":{"line":20,"column":10},"end":{"line":20,"column":34}},"6":{"start":{"line":21,"column":10},"end":{"line":21,"column":34}},"7":{"start":{"line":22,"column":13},"end":{"line":22,"column":14}},"8":{"start":{"line":24,"column":0},"end":{"line":44,"column":2}},"9":{"start":{"line":25,"column":2},"end":{"line":25,"column":52}},"10":{"start":{"line":26,"column":13},"end":{"line":26,"column":50}},"11":{"start":{"line":27,"column":2},"end":{"line":27,"column":54}},"12":{"start":{"line":28,"column":2},"end":{"line":43,"column":7}},"13":{"start":{"line":35,"column":6},"end":{"line":35,"column":28}},"14":{"start":{"line":36,"column":6},"end":{"line":36,"column":22}},"15":{"start":{"line":39,"column":6},"end":{"line":39,"column":33}},"16":{"start":{"line":40,"column":6},"end":{"line":42,"column":8}},"17":{"start":{"line":46,"column":0},"end":{"line":61,"column":2}},"18":{"start":{"line":47,"column":2},"end":{"line":47,"column":53}},"19":{"start":{"line":48,"column":13},"end":{"line":48,"column":50}},"20":{"start":{"line":49,"column":2},"end":{"line":49,"column":54}},"21":{"start":{"line":51,"column":2},"end":{"line":60,"column":7}},"22":{"start":{"line":58,"column":6},"end":{"line":58,"column":28}},"23":{"start":{"line":59,"column":6},"end":{"line":59,"column":22}},"24":{"start":{"line":63,"column":0},"end":{"line":69,"column":2}},"25":{"start":{"line":64,"column":31},"end":{"line":64,"column":53}},"26":{"start":{"line":65,"column":17},"end":{"line":65,"column":86}},"27":{"start":{"line":66,"column":18},"end":{"line":66,"column":49}},"28":{"start":{"line":67,"column":2},"end":{"line":67,"column":35}},"29":{"start":{"line":68,"column":2},"end":{"line":68,"column":64}},"30":{"start":{"line":71,"column":0},"end":{"line":82,"column":2}},"31":{"start":{"line":72,"column":2},"end":{"line":81,"column":3}},"32":{"start":{"line":73,"column":28},"end":{"line":73,"column":40}},"33":{"start":{"line":74,"column":15},"end":{"line":74,"column":43}},"34":{"start":{"line":75,"column":21},"end":{"line":75,"column":74}},"35":{"start":{"line":76,"column":20},"end":{"line":76,"column":55}},"36":{"start":{"line":77,"column":4},"end":{"line":77,"column":40}},"37":{"start":{"line":78,"column":4},"end":{"line":78,"column":21}},"38":{"start":{"line":80,"column":4},"end":{"line":80,"column":27}},"39":{"start":{"line":84,"column":0},"end":{"line":84,"column":23}}},"fnMap":{"0":{"name":"clearT","decl":{"start":{"line":16,"column":9},"end":{"line":16,"column":15}},"loc":{"start":{"line":16,"column":18},"end":{"line":18,"column":1}},"line":16},"1":{"name":"(anonymous_1)","decl":{"start":{"line":24,"column":20},"end":{"line":24,"column":21}},"loc":{"start":{"line":24,"column":36},"end":{"line":44,"column":1}},"line":24},"2":{"name":"(anonymous_2)","decl":{"start":{"line":34,"column":10},"end":{"line":34,"column":11}},"loc":{"start":{"line":34,"column":30},"end":{"line":37,"column":5}},"line":34},"3":{"name":"(anonymous_3)","decl":{"start":{"line":38,"column":11},"end":{"line":38,"column":12}},"loc":{"start":{"line":38,"column":28},"end":{"line":43,"column":5}},"line":38},"4":{"name":"(anonymous_4)","decl":{"start":{"line":46,"column":19},"end":{"line":46,"column":20}},"loc":{"start":{"line":46,"column":35},"end":{"line":61,"column":1}},"line":46},"5":{"name":"(anonymous_5)","decl":{"start":{"line":57,"column":10},"end":{"line":57,"column":11}},"loc":{"start":{"line":57,"column":30},"end":{"line":60,"column":5}},"line":57},"6":{"name":"(anonymous_6)","decl":{"start":{"line":63,"column":16},"end":{"line":63,"column":17}},"loc":{"start":{"line":63,"column":35},"end":{"line":69,"column":1}},"line":63},"7":{"name":"(anonymous_7)","decl":{"start":{"line":71,"column":16},"end":{"line":71,"column":17}},"loc":{"start":{"line":71,"column":35},"end":{"line":82,"column":1}},"line":71}},"branchMap":{},"s":{"0":4,"1":4,"2":4,"3":4,"4":0,"5":4,"6":4,"7":4,"8":4,"9":1,"10":1,"11":1,"12":1,"13":0,"14":0,"15":0,"16":0,"17":4,"18":0,"19":0,"20":0,"21":0,"22":0,"23":0,"24":4,"25":0,"26":0,"27":0,"28":0,"29":0,"30":4,"31":2,"32":2,"33":0,"34":0,"35":0,"36":0,"37":0,"38":2,"39":4},"f":{"0":0,"1":1,"2":0,"3":0,"4":0,"5":0,"6":0,"7":2},"b":{},"_coverageSchema":"1a1c01bbd47fc00a2c39e90264f33305004495a9","hash":"0443d7e4fa07c5914c1b1492481693bb2eb644e0"}
,"C:\\Users\\jrodrigue274\\Desktop\\cripto-itau\\src\\vault\\vault.js": {"path":"C:\\Users\\jrodrigue274\\Desktop\\cripto-itau\\src\\vault\\vault.js","statementMap":{"0":{"start":{"line":2,"column":2},"end":{"line":2,"column":16}},"1":{"start":{"line":3,"column":15},"end":{"line":3,"column":33}},"2":{"start":{"line":4,"column":15},"end":{"line":4,"column":31}},"3":{"start":{"line":5,"column":22},"end":{"line":5,"column":45}},"4":{"start":{"line":6,"column":2},"end":{"line":6,"column":21}},"5":{"start":{"line":10,"column":2},"end":{"line":10,"column":16}},"6":{"start":{"line":11,"column":15},"end":{"line":11,"column":33}},"7":{"start":{"line":12,"column":15},"end":{"line":12,"column":41}},"8":{"start":{"line":13,"column":22},"end":{"line":13,"column":44}},"9":{"start":{"line":14,"column":2},"end":{"line":14,"column":21}},"10":{"start":{"line":18,"column":2},"end":{"line":18,"column":28}},"11":{"start":{"line":19,"column":2},"end":{"line":19,"column":16}},"12":{"start":{"line":20,"column":2},"end":{"line":20,"column":14}},"13":{"start":{"line":24,"column":2},"end":{"line":24,"column":28}},"14":{"start":{"line":25,"column":2},"end":{"line":25,"column":16}},"15":{"start":{"line":26,"column":2},"end":{"line":26,"column":14}},"16":{"start":{"line":30,"column":2},"end":{"line":34,"column":5}},"17":{"start":{"line":31,"column":4},"end":{"line":33,"column":13}},"18":{"start":{"line":32,"column":6},"end":{"line":32,"column":27}},"19":{"start":{"line":37,"column":0},"end":{"line":42,"column":2}}},"fnMap":{"0":{"name":"encrypt","decl":{"start":{"line":1,"column":15},"end":{"line":1,"column":22}},"loc":{"start":{"line":1,"column":32},"end":{"line":7,"column":1}},"line":1},"1":{"name":"decrypt","decl":{"start":{"line":9,"column":15},"end":{"line":9,"column":22}},"loc":{"start":{"line":9,"column":32},"end":{"line":15,"column":1}},"line":9},"2":{"name":"refreshKey","decl":{"start":{"line":17,"column":15},"end":{"line":17,"column":25}},"loc":{"start":{"line":17,"column":40},"end":{"line":21,"column":1}},"line":17},"3":{"name":"generateKey","decl":{"start":{"line":23,"column":15},"end":{"line":23,"column":26}},"loc":{"start":{"line":23,"column":41},"end":{"line":27,"column":1}},"line":23},"4":{"name":"delay","decl":{"start":{"line":29,"column":9},"end":{"line":29,"column":14}},"loc":{"start":{"line":29,"column":17},"end":{"line":35,"column":1}},"line":29},"5":{"name":"(anonymous_5)","decl":{"start":{"line":30,"column":21},"end":{"line":30,"column":22}},"loc":{"start":{"line":30,"column":34},"end":{"line":34,"column":3}},"line":30},"6":{"name":"(anonymous_6)","decl":{"start":{"line":31,"column":15},"end":{"line":31,"column":16}},"loc":{"start":{"line":31,"column":21},"end":{"line":33,"column":5}},"line":31}},"branchMap":{},"s":{"0":0,"1":0,"2":0,"3":0,"4":0,"5":0,"6":0,"7":0,"8":0,"9":0,"10":0,"11":0,"12":0,"13":0,"14":0,"15":0,"16":0,"17":0,"18":0,"19":2},"f":{"0":0,"1":0,"2":0,"3":0,"4":0,"5":0,"6":0},"b":{},"_coverageSchema":"1a1c01bbd47fc00a2c39e90264f33305004495a9","hash":"f2536eae52402d1e74ceef890c0fc97465645711"}
}
