TN:
SF:src\api\index.js
FN:17,(anonymous_0)
FNF:1
FNH:0
FNDA:0,(anonymous_0)
DA:1,0
DA:3,0
DA:4,0
DA:5,0
DA:8,0
DA:10,0
DA:11,0
DA:12,0
DA:17,0
DA:18,0
LF:10
LH:0
BRF:0
BRH:0
end_of_record
TN:
SF:src\api\components\cripto\controller.js
FN:4,(anonymous_0)
FN:5,generateKey
FN:12,refreshKey
FN:19,encrypt
FN:23,(anonymous_4)
FN:49,decrypt
FN:53,(anonymous_6)
FNF:7
FNH:5
FNDA:3,(anonymous_0)
FNDA:2,generateKey
FNDA:1,refreshKey
FNDA:3,encrypt
FNDA:0,(anonymous_4)
FNDA:3,decrypt
FNDA:0,(anonymous_6)
DA:1,2
DA:2,2
DA:4,2
DA:6,2
DA:7,2
DA:13,1
DA:14,1
DA:20,3
DA:21,3
DA:22,0
DA:24,0
DA:28,0
DA:31,3
DA:32,2
DA:34,1
DA:38,1
DA:43,1
DA:50,3
DA:51,3
DA:52,0
DA:54,0
DA:58,0
DA:61,3
DA:62,2
DA:64,1
DA:68,1
DA:73,1
DA:79,3
LF:28
LH:22
BRDA:21,0,0,0
BRDA:21,0,1,3
BRDA:31,1,0,2
BRDA:31,1,1,1
BRDA:51,2,0,0
BRDA:51,2,1,3
BRDA:61,3,0,2
BRDA:61,3,1,1
BRF:8
BRH:6
end_of_record
TN:
SF:src\api\components\cripto\index.js
FNF:0
FNH:0
DA:1,1
DA:2,1
DA:4,1
LF:3
LH:3
BRF:0
BRH:0
end_of_record
TN:
SF:src\api\components\cripto\network.js
FN:13,middlewareHeaders
FN:15,(anonymous_1)
FN:31,generateKey
FN:33,(anonymous_3)
FN:39,encrypt
FN:41,(anonymous_5)
FN:47,decrypt
FN:49,(anonymous_7)
FNF:8
FNH:8
FNDA:4,middlewareHeaders
FNDA:20,(anonymous_1)
FNDA:1,generateKey
FNDA:1,(anonymous_3)
FNDA:1,encrypt
FNDA:1,(anonymous_5)
FNDA:1,decrypt
FNDA:1,(anonymous_7)
DA:1,1
DA:2,1
DA:3,1
DA:4,1
DA:6,1
DA:7,1
DA:8,1
DA:9,1
DA:14,4
DA:15,4
DA:16,20
DA:17,20
DA:18,5
DA:22,4
DA:23,1
DA:26,1
DA:28,3
DA:32,1
DA:34,1
DA:40,1
DA:42,1
DA:48,1
DA:50,1
DA:55,1
LF:24
LH:24
BRDA:17,0,0,5
BRDA:17,0,1,15
BRDA:22,1,0,1
BRDA:22,1,1,3
BRF:4
BRH:4
end_of_record
TN:
SF:src\api\components\token\controller.js
FN:6,(anonymous_0)
FN:7,getToken
FNF:2
FNH:2
FNDA:3,(anonymous_0)
FNDA:4,getToken
DA:1,2
DA:2,2
DA:3,2
DA:4,2
DA:6,2
DA:8,4
DA:9,4
DA:10,3
DA:11,3
DA:12,1
DA:13,1
DA:14,1
DA:20,1
DA:28,1
DA:30,1
DA:34,3
DA:40,3
LF:17
LH:17
BRF:0
BRH:0
end_of_record
TN:
SF:src\api\components\token\index.js
FNF:0
FNH:0
DA:1,1
DA:2,1
DA:4,1
LF:3
LH:3
BRF:0
BRH:0
end_of_record
TN:
SF:src\api\components\token\network.js
FN:9,getToken
FNF:1
FNH:1
FNDA:2,getToken
DA:1,1
DA:2,1
DA:3,1
DA:5,1
DA:10,2
DA:11,2
DA:12,2
DA:15,2
DA:17,0
DA:18,0
DA:24,1
LF:11
LH:9
BRF:0
BRH:0
end_of_record
TN:
SF:src\sso\index.js
FN:7,(anonymous_0)
FN:15,(anonymous_1)
FNF:2
FNH:0
FNDA:0,(anonymous_0)
FNDA:0,(anonymous_1)
DA:1,0
DA:2,0
DA:4,0
DA:6,0
DA:7,0
DA:8,0
DA:9,0
DA:12,0
DA:15,0
DA:16,0
LF:10
LH:0
BRF:0
BRH:0
end_of_record
TN:
SF:src\vault\CV_JS.js
FN:16,clearT
FN:24,(anonymous_1)
FN:34,(anonymous_2)
FN:38,(anonymous_3)
FN:46,(anonymous_4)
FN:57,(anonymous_5)
FN:63,(anonymous_6)
FN:71,(anonymous_7)
FNF:8
FNH:2
FNDA:0,clearT
FNDA:1,(anonymous_1)
FNDA:0,(anonymous_2)
FNDA:0,(anonymous_3)
FNDA:0,(anonymous_4)
FNDA:0,(anonymous_5)
FNDA:0,(anonymous_6)
FNDA:2,(anonymous_7)
DA:1,4
DA:2,4
DA:3,4
DA:4,4
DA:17,0
DA:20,4
DA:21,4
DA:22,4
DA:24,4
DA:25,1
DA:26,1
DA:27,1
DA:28,1
DA:35,0
DA:36,0
DA:39,0
DA:40,0
DA:46,4
DA:47,0
DA:48,0
DA:49,0
DA:51,0
DA:58,0
DA:59,0
DA:63,4
DA:64,0
DA:65,0
DA:66,0
DA:67,0
DA:68,0
DA:71,4
DA:72,2
DA:73,2
DA:74,0
DA:75,0
DA:76,0
DA:77,0
DA:78,0
DA:80,2
DA:84,4
LF:40
LH:19
BRF:0
BRH:0
end_of_record
TN:
SF:src\vault\vault.js
FN:1,encrypt
FN:9,decrypt
FN:17,refreshKey
FN:23,generateKey
FN:29,delay
FN:30,(anonymous_5)
FN:31,(anonymous_6)
FNF:7
FNH:0
FNDA:0,encrypt
FNDA:0,decrypt
FNDA:0,refreshKey
FNDA:0,generateKey
FNDA:0,delay
FNDA:0,(anonymous_5)
FNDA:0,(anonymous_6)
DA:2,0
DA:3,0
DA:4,0
DA:5,0
DA:6,0
DA:10,0
DA:11,0
DA:12,0
DA:13,0
DA:14,0
DA:18,0
DA:19,0
DA:20,0
DA:24,0
DA:25,0
DA:26,0
DA:30,0
DA:31,0
DA:32,0
DA:37,2
LF:20
LH:1
BRF:0
BRH:0
end_of_record
